<init>,2020-06-03 18:44:59.758,Thread-1,
ReadVehicles,2020-06-03 18:45:00.045,Thread-1,
<init>,2020-06-03 18:45:00.088,Thread-1,
<init>,2020-06-03 18:45:00.089,Thread-1,
ReadTowns,2020-06-03 18:45:00.089,Thread-1,
<init>,2020-06-03 18:45:00.092,Thread-1,
<init>,2020-06-03 18:45:00.095,Thread-2,
ReadOrders,2020-06-03 18:45:00.095,Thread-2,
GetTownById,2020-06-03 18:45:00.097,Thread-2,
GetTownById,2020-06-03 18:45:00.097,Thread-2,
GetTownById,2020-06-03 18:45:00.098,Thread-2,
GetTownById,2020-06-03 18:45:00.098,Thread-2,
GetTownById,2020-06-03 18:45:00.098,Thread-2,
GetTownById,2020-06-03 18:45:00.098,Thread-2,
GetTownById,2020-06-03 18:45:00.099,Thread-2,
GetTownById,2020-06-03 18:45:00.099,Thread-2,
GetTownById,2020-06-03 18:45:00.099,Thread-2,
GetTownById,2020-06-03 18:45:00.099,Thread-2,
GetInstance,2020-06-03 18:45:00.1,Thread-2,
<init>,2020-06-03 18:45:00.1,Thread-2,
GetTownById,2020-06-03 18:45:00.102,Thread-2,
GetTownById,2020-06-03 18:45:00.102,Thread-2,
GetTownById,2020-06-03 18:45:00.103,Thread-2,
GetTownById,2020-06-03 18:45:00.103,Thread-2,
GetTownById,2020-06-03 18:45:00.103,Thread-2,
GetTownById,2020-06-03 18:45:00.103,Thread-2,
GetTownById,2020-06-03 18:45:00.103,Thread-2,
GetTownById,2020-06-03 18:45:00.103,Thread-2,
GetTownById,2020-06-03 18:45:00.103,Thread-2,
GetTownById,2020-06-03 18:45:00.104,Thread-2,
GetTownById,2020-06-03 18:45:00.104,Thread-2,
GetTownById,2020-06-03 18:45:00.104,Thread-2,
GetTownById,2020-06-03 18:45:00.104,Thread-2,
GetTownById,2020-06-03 18:45:00.104,Thread-2,
GetTownById,2020-06-03 18:45:00.105,Thread-2,
GetTownById,2020-06-03 18:45:00.105,Thread-2,
<init>,2020-06-03 18:45:00.106,Thread-3,
GetInstance,2020-06-03 18:45:00.106,Thread-3,
GetLinkById,2020-06-03 18:45:00.108,Thread-3,
GetLinkById,2020-06-03 18:45:00.108,Thread-3,
GetLinkById,2020-06-03 18:45:00.108,Thread-3,
GetLinkById,2020-06-03 18:45:00.108,Thread-3,
GetLinkById,2020-06-03 18:45:00.109,Thread-3,
GetLinkById,2020-06-03 18:45:00.109,Thread-3,
GetLinkById,2020-06-03 18:45:00.109,Thread-3,
GetLinkById,2020-06-03 18:45:00.109,Thread-3,
GetLinkById,2020-06-03 18:45:00.109,Thread-3,
GetLinkById,2020-06-03 18:45:00.109,Thread-3,
GetInstance,2020-06-03 18:45:00.11,main,
GetTowns,2020-06-03 18:45:00.397,main,
GetOrderRoute,2020-06-03 18:45:01.666,AWT-EventQueue-0,
GetOrderRoute,2020-06-03 18:45:03.654,AWT-EventQueue-0,
GetOrderRoute,2020-06-03 18:45:04.848,AWT-EventQueue-0,
GetOrderRoute,2020-06-03 18:45:05.967,AWT-EventQueue-0,
GetOrderRoute,2020-06-03 18:45:06.992,AWT-EventQueue-0,
GetOrderRoute,2020-06-03 18:45:08.481,AWT-EventQueue-0,
run,2020-06-03 18:45:33.986,Thread-4,
GetInstance,2020-06-03 18:45:35.786,AWT-EventQueue-0,
GetLinks,2020-06-03 18:45:35.786,AWT-EventQueue-0,
<init>,2020-06-03 18:46:57.25,Thread-1,
ReadVehicles,2020-06-03 18:46:57.575,Thread-1,
<init>,2020-06-03 18:46:57.627,Thread-1,
<init>,2020-06-03 18:46:57.628,Thread-1,
ReadTowns,2020-06-03 18:46:57.628,Thread-1,
<init>,2020-06-03 18:46:57.631,Thread-1,
<init>,2020-06-03 18:46:57.634,Thread-2,
ReadOrders,2020-06-03 18:46:57.635,Thread-2,
GetTownById,2020-06-03 18:46:57.636,Thread-2,
GetTownById,2020-06-03 18:46:57.637,Thread-2,
GetTownById,2020-06-03 18:46:57.637,Thread-2,
GetTownById,2020-06-03 18:46:57.637,Thread-2,
GetTownById,2020-06-03 18:46:57.637,Thread-2,
GetTownById,2020-06-03 18:46:57.637,Thread-2,
GetTownById,2020-06-03 18:46:57.638,Thread-2,
GetTownById,2020-06-03 18:46:57.638,Thread-2,
GetTownById,2020-06-03 18:46:57.638,Thread-2,
GetTownById,2020-06-03 18:46:57.638,Thread-2,
GetInstance,2020-06-03 18:46:57.639,Thread-2,
<init>,2020-06-03 18:46:57.64,Thread-2,
GetTownById,2020-06-03 18:46:57.641,Thread-2,
GetTownById,2020-06-03 18:46:57.642,Thread-2,
GetTownById,2020-06-03 18:46:57.642,Thread-2,
GetTownById,2020-06-03 18:46:57.642,Thread-2,
GetTownById,2020-06-03 18:46:57.643,Thread-2,
GetTownById,2020-06-03 18:46:57.643,Thread-2,
GetTownById,2020-06-03 18:46:57.644,Thread-2,
GetTownById,2020-06-03 18:46:57.644,Thread-2,
GetTownById,2020-06-03 18:46:57.644,Thread-2,
GetTownById,2020-06-03 18:46:57.644,Thread-2,
GetTownById,2020-06-03 18:46:57.645,Thread-2,
GetTownById,2020-06-03 18:46:57.645,Thread-2,
GetTownById,2020-06-03 18:46:57.645,Thread-2,
GetTownById,2020-06-03 18:46:57.645,Thread-2,
GetTownById,2020-06-03 18:46:57.646,Thread-2,
GetTownById,2020-06-03 18:46:57.646,Thread-2,
<init>,2020-06-03 18:46:57.647,Thread-3,
GetInstance,2020-06-03 18:46:57.647,Thread-3,
GetLinkById,2020-06-03 18:46:57.649,Thread-3,
GetLinkById,2020-06-03 18:46:57.649,Thread-3,
GetLinkById,2020-06-03 18:46:57.649,Thread-3,
GetLinkById,2020-06-03 18:46:57.649,Thread-3,
GetLinkById,2020-06-03 18:46:57.65,Thread-3,
GetLinkById,2020-06-03 18:46:57.65,Thread-3,
GetLinkById,2020-06-03 18:46:57.65,Thread-3,
GetLinkById,2020-06-03 18:46:57.65,Thread-3,
GetLinkById,2020-06-03 18:46:57.65,Thread-3,
GetLinkById,2020-06-03 18:46:57.651,Thread-3,
GetTowns,2020-06-03 18:46:57.913,main,
run,2020-06-03 18:47:22.761,Thread-4,
GetInstance,2020-06-03 18:47:24.151,AWT-EventQueue-0,
GetLinks,2020-06-03 18:47:24.152,AWT-EventQueue-0,
GetInstance,2020-06-03 18:47:29.652,AWT-EventQueue-0,
GetLinks,2020-06-03 18:47:29.652,AWT-EventQueue-0,
GetInstance,2020-06-03 18:47:31.226,AWT-EventQueue-0,
GetLinks,2020-06-03 18:47:31.227,AWT-EventQueue-0,
